<?xml version="1.0" encoding="UTF-8"?>
<!-- Generated by org.testng.reporters.JUnitXMLReporter -->
<testsuite hostname="TYSS-4F-070" ignored="0" name="FFTest" tests="1" failures="1" timestamp="16 Apr 2018 05:57:54 GMT" time="72.375" errors="0">
  <testcase name="testPurshaseItem" time="12.967" classname="script.PurchaseItem">
    <failure type="java.lang.AssertionError" message="null">
      <![CDATA[java.lang.AssertionError: null
at generic.AUL.verifyTitle(AUL.java:46)
at script.PurchaseItem.testPurshaseItem(PurchaseItem.java:25)
at java.util.concurrent.FutureTask.run(Unknown Source)
at java.util.concurrent.ThreadPoolExecutor.runWorker(Unknown Source)
at java.util.concurrent.ThreadPoolExecutor$Worker.run(Unknown Source)
at java.lang.Thread.run(Unknown Source)
... Removed 18 stack frames]]>
    </failure>
  </testcase> <!-- testPurshaseItem -->
</testsuite> <!-- FFTest -->
